<?xml version="1.0" encoding="UTF-8"?>
<!-- Generated by org.testng.reporters.JUnitReportReporter -->
<testsuite hostname="CDC2-LX-1MX6QQ2" name="skeleton.runner" tests="1" failures="0" timestamp="24 Apr 2020 10:20:12 GMT" time="21.644" errors="0">
  <testcase name="runScenario" time="21.644" classname="skeleton.runner"/>
</testsuite> <!-- skeleton.runner -->
